<?xml version="1.0" encoding="UTF-8"?>
<!-- Generated by org.testng.reporters.JUnitXMLReporter -->
<testsuite ignored="0" hostname="krithika-dell3460" failures="0" tests="12" name="Housecall pro test cases" time="416.13" errors="0" timestamp="2022-10-09T18:47:11 CDT">
  <testcase classname="com.house.qa.testcases.LoginPageTest" name="validateloginPageURLTest" time="2.018"/>
  <testcase classname="com.house.qa.testcases.LoginPageTest" name="onClickloginPageTest" time="2.969"/>
  <testcase classname="com.house.qa.testcases.DashboardPageTest" name="validateDashboardPageTest" time="10.059"/>
  <testcase classname="com.house.qa.testcases.DashboardPageTest" name="onClickNewJobTest" time="15.291"/>
  <testcase classname="com.house.qa.testcases.NewjobsPageTest" name="newJobsURLTest" time="0.088"/>
  <testcase classname="com.house.qa.testcases.NewjobsPageTest" name="validateCustomerDetailsTest" time="5.938"/>
  <testcase classname="com.house.qa.testcases.NewjobsPageTest" name="validateItemNameTest" time="4.127"/>
  <testcase classname="com.house.qa.testcases.NewjobsPageTest" name="onClickSaveJobTest" time="8.596"/>
  <testcase classname="com.house.qa.testcases.NewjobsPageTest" name="onClickSaveJobTest" time="7.702"/>
  <testcase classname="com.house.qa.testcases.NewjobsPageTest" name="validatePrivateNotesButtonTest" time="4.392"/>
  <testcase classname="com.house.qa.testcases.SchedulePageTest" name="onActivityFeedTest" time="11.271"/>
  <testcase classname="com.house.qa.testcases.SchedulePageTest" name="onValidateScheduleButtonTest" time="12.864"/>
</testsuite> <!-- Housecall pro test cases -->
